Using pre-set license

 COMMAND LINE ARGUMENTS:
/Users/jencolletta/Documents/Projects/2020.3.16f1/Unity.app/Contents/MacOS/Unity
-adb2
-batchMode
-noUpm
-name
AssetImportWorker0
-projectPath
/Users/jencolletta/Documents/Projects/CAR 230 Project
-logFile
Logs/AssetImportWorker0.log
-srvPort
56594
Successfully changed project path to: /Users/jencolletta/Documents/Projects/CAR 230 Project
/Users/jencolletta/Documents/Projects/CAR 230 Project
Using Asset Import Pipeline V2.
Refreshing native plugins compatible for Editor in 40.52 ms, found 1 plugins.
Preloading 0 native plugins for Editor in 0.00 ms.
Initialize engine version: 2020.3.16f1 (049d6eca3c44)
[Subsystems] Discovering subsystems at path /Users/jencolletta/Documents/Projects/2020.3.16f1/Unity.app/Contents/Resources/UnitySubsystems
[Subsystems] Discovering subsystems at path /Users/jencolletta/Documents/Projects/CAR 230 Project/Assets
GfxDevice: creating device client; threaded=0
2021-08-14 16:40:53.002 Unity[26098:7173539] Color LCD preferred device: Intel(R) Iris(TM) Graphics 540 (low power)
2021-08-14 16:40:53.002 Unity[26098:7173539] Metal devices available: 1
2021-08-14 16:40:53.002 Unity[26098:7173539] 0: Intel(R) Iris(TM) Graphics 540 (low power)
2021-08-14 16:40:53.002 Unity[26098:7173539] Using device Intel(R) Iris(TM) Graphics 540 (low power)
Initializing Metal device caps: Intel(R) Iris(TM) Graphics 540
Initialize mono
Mono path[0] = '/Users/jencolletta/Documents/Projects/2020.3.16f1/Unity.app/Contents/Managed'
Mono path[1] = '/Users/jencolletta/Documents/Projects/2020.3.16f1/Unity.app/Contents/MonoBleedingEdge/lib/mono/unityjit'
Mono config path = '/Users/jencolletta/Documents/Projects/2020.3.16f1/Unity.app/Contents/MonoBleedingEdge/etc'
Using monoOptions --debugger-agent=transport=dt_socket,embedding=1,server=y,suspend=n,address=127.0.0.1:56098
Begin MonoManager ReloadAssembly
Registering precompiled unity dll's ...
Register platform support module: /Users/jencolletta/Documents/Projects/2020.3.16f1/Unity.app/Contents/PlaybackEngines/MacStandaloneSupport/UnityEditor.OSXStandalone.Extensions.dll
Registered in 0.003441 seconds.
Native extension for OSXStandalone target not found
Refreshing native plugins compatible for Editor in 24.47 ms, found 1 plugins.
Preloading 0 native plugins for Editor in 0.00 ms.
Mono: successfully reloaded assembly
- Completed reload, in  4.277 seconds
Domain Reload Profiling:
	ReloadAssembly (4277ms)
		BeginReloadAssembly (184ms)
			ExecutionOrderSort (0ms)
			DisableScriptedObjects (0ms)
			BackupInstance (0ms)
			ReleaseScriptingObjects (0ms)
			CreateAndSetChildDomain (2ms)
		EndReloadAssembly (729ms)
			LoadAssemblies (185ms)
			RebuildTransferFunctionScriptingTraits (0ms)
			SetupTypeCache (291ms)
			ReleaseScriptCaches (0ms)
			RebuildScriptCaches (66ms)
			SetupLoadedEditorAssemblies (286ms)
				LogAssemblyErrors (0ms)
				InitializePlatformSupportModulesInManaged (6ms)
				SetLoadedEditorAssemblies (0ms)
				RefreshPlugins (25ms)
				BeforeProcessingInitializeOnLoad (12ms)
				ProcessInitializeOnLoadAttributes (190ms)
				ProcessInitializeOnLoadMethodAttributes (53ms)
				AfterProcessingInitializeOnLoad (0ms)
				EditorAssembliesLoaded (0ms)
			ExecutionOrderSort2 (0ms)
			AwakeInstancesAfterBackupRestoration (0ms)
Platform modules already initialized, skipping
Registering precompiled user dll's ...
Registered in 0.009754 seconds.
Begin MonoManager ReloadAssembly
Native extension for OSXStandalone target not found
Refreshing native plugins compatible for Editor in 0.32 ms, found 1 plugins.
Preloading 0 native plugins for Editor in 0.00 ms.
Mono: successfully reloaded assembly
- Completed reload, in  1.573 seconds
Domain Reload Profiling:
	ReloadAssembly (1573ms)
		BeginReloadAssembly (257ms)
			ExecutionOrderSort (0ms)
			DisableScriptedObjects (10ms)
			BackupInstance (0ms)
			ReleaseScriptingObjects (0ms)
			CreateAndSetChildDomain (49ms)
		EndReloadAssembly (1213ms)
			LoadAssemblies (118ms)
			RebuildTransferFunctionScriptingTraits (0ms)
			SetupTypeCache (392ms)
			ReleaseScriptCaches (0ms)
			RebuildScriptCaches (58ms)
			SetupLoadedEditorAssemblies (446ms)
				LogAssemblyErrors (0ms)
				InitializePlatformSupportModulesInManaged (10ms)
				SetLoadedEditorAssemblies (1ms)
				RefreshPlugins (0ms)
				BeforeProcessingInitializeOnLoad (97ms)
				ProcessInitializeOnLoadAttributes (319ms)
				ProcessInitializeOnLoadMethodAttributes (13ms)
				AfterProcessingInitializeOnLoad (5ms)
				EditorAssembliesLoaded (1ms)
			ExecutionOrderSort2 (0ms)
			AwakeInstancesAfterBackupRestoration (18ms)
Platform modules already initialized, skipping
========================================================================
Worker process is ready to serve import requests
Launching external process: /Users/jencolletta/Documents/Projects/2020.3.16f1/Unity.app/Contents/Tools/UnityShaderCompiler
Launched and connected shader compiler UnityShaderCompiler after 0.04 seconds
Refreshing native plugins compatible for Editor in 0.63 ms, found 1 plugins.
Preloading 0 native plugins for Editor in 0.00 ms.
Unloading 321 Unused Serialized files (Serialized files now loaded: 0)
System memory in use before: 92.7 MB.
System memory in use after: 92.3 MB.

Unloading 14 unused Assets to reduce memory usage. Loaded Objects now: 759.
Total: 4.152901 ms (FindLiveObjects: 0.089308 ms CreateObjectMapping: 0.012889 ms MarkObjects: 3.260406 ms  DeleteObjects: 0.788698 ms)

AssetImportParameters requested are different than current active one (requested -> active):
  custom:video-decoder-ogg-theora: a1e56fd34408186e4bbccfd4996cb3dc -> 
  custom:container-muxer-webm: aa71ff27fc2769a1b78a27578f13a17b -> 
  custom:container-demuxer-webm: 4f35f7cbe854078d1ac9338744f61a02 -> 
  custom:container-demuxer-ogg: 62fdf1f143b41e24485cea50d1cbac27 -> 
  custom:video-encoder-webm-vp8: eb34c28f22e8b96e1ab97ce403110664 -> 
  custom:framework-osx-AVFoundation: e770b220cccbd017edd2c1fefb359320 -> 
  custom:video-decoder-webm-vp8: 9c59270c3fd7afecdb556c50c9e8de78 -> 
  custom:audio-decoder-ogg-vorbis: bf7c407c2cedff20999df2af8eb42d56 -> 
  custom:audio-encoder-webm-vorbis: bf7c407c2cedff20999df2af8eb42d56 -> 
========================================================================
Received Import Request.
  path: Assets/bensound-buddy.mp3
  artifactKey: Guid(30a7d67892c1843399c6066d299b9280) Importer(815301076,1909f56bfc062723c751e8b465ee728b)
Start importing Assets/bensound-buddy.mp3 using Guid(30a7d67892c1843399c6066d299b9280) Importer(815301076,1909f56bfc062723c751e8b465ee728b)  -> (artifact id: '04e8b3b0edc961a4d45391aa0da9c9f2') in 2.590653 seconds 
  Import took 2.592128 seconds .

========================================================================
Received Import Request.
  Time since last request: 0.000045 seconds.
  path: Assets/egg.fbx
  artifactKey: Guid(337632d8923dd45e790af2e650480b70) Importer(815301076,1909f56bfc062723c751e8b465ee728b)
Start importing Assets/egg.fbx using Guid(337632d8923dd45e790af2e650480b70) Importer(815301076,1909f56bfc062723c751e8b465ee728b)  -> (artifact id: '70510d7f1eb59505dbd615c84ca026a4') in 2.021988 seconds 
  Import took 2.023451 seconds .

========================================================================
Received Import Request.
  Time since last request: 0.000289 seconds.
  path: Assets/blip.wav
  artifactKey: Guid(4d71f38df81a744e39ef93efab4df190) Importer(815301076,1909f56bfc062723c751e8b465ee728b)
Start importing Assets/blip.wav using Guid(4d71f38df81a744e39ef93efab4df190) Importer(815301076,1909f56bfc062723c751e8b465ee728b)  -> (artifact id: '3590791dc4af3487386427de532fe620') in 3.647158 seconds 
  Import took 3.648928 seconds .

========================================================================
Received Import Request.
  Time since last request: 0.000374 seconds.
  path: Assets/token.fbx
  artifactKey: Guid(da034e62559d440a7915bb13e400f234) Importer(815301076,1909f56bfc062723c751e8b465ee728b)
Start importing Assets/token.fbx using Guid(da034e62559d440a7915bb13e400f234) Importer(815301076,1909f56bfc062723c751e8b465ee728b)  -> (artifact id: 'e7916dc56eafa7ff4c0ffd2c7207e704') in 0.384750 seconds 
  Import took 0.387331 seconds .

========================================================================
Received Import Request.
  Time since last request: 0.000047 seconds.
  path: Assets/New Terrain.asset
  artifactKey: Guid(19cbeb78f0f4c4a7aa8ee24e0c0255fb) Importer(815301076,1909f56bfc062723c751e8b465ee728b)
Start importing Assets/New Terrain.asset using Guid(19cbeb78f0f4c4a7aa8ee24e0c0255fb) Importer(815301076,1909f56bfc062723c751e8b465ee728b)  -> (artifact id: '11b1da875c643aaf49b162bb41b9f558') in 1.404871 seconds 
  Import took 1.407761 seconds .

========================================================================
Received Import Request.
  Time since last request: 0.000893 seconds.
  path: Assets/eggpic.jpeg
  artifactKey: Guid(34e5d87d3075d46169dfd54845bed80f) Importer(815301076,1909f56bfc062723c751e8b465ee728b)
Start importing Assets/eggpic.jpeg using Guid(34e5d87d3075d46169dfd54845bed80f) Importer(815301076,1909f56bfc062723c751e8b465ee728b)  -> (artifact id: '7fd877ddd8975f06cf2e9f898c3df981') in 2.249942 seconds 
  Import took 2.253164 seconds .

========================================================================
Received Import Request.
  Time since last request: 164.686676 seconds.
  path: Assets/Script
  artifactKey: Guid(12591f668eb3e446391765241fb653aa) Importer(815301076,1909f56bfc062723c751e8b465ee728b)
Start importing Assets/Script using Guid(12591f668eb3e446391765241fb653aa) Importer(815301076,1909f56bfc062723c751e8b465ee728b)  -> (artifact id: 'cd7f6c64f7b4fbd063734fcb3211f6db') in 0.002941 seconds 
  Import took 0.004249 seconds .

========================================================================
Received Import Request.
  Time since last request: 3.746517 seconds.
  path: Assets/Scenes
  artifactKey: Guid(4f704ae4b4f98ae41a0bce26658850c1) Importer(815301076,1909f56bfc062723c751e8b465ee728b)
Start importing Assets/Scenes using Guid(4f704ae4b4f98ae41a0bce26658850c1) Importer(815301076,1909f56bfc062723c751e8b465ee728b)  -> (artifact id: '8208fd568ee2d33985b5310927ecacb9') in 0.002030 seconds 
  Import took 0.004081 seconds .

========================================================================
Received Import Request.
  Time since last request: 3.382651 seconds.
  path: Assets/_Gloomy_Animal
  artifactKey: Guid(5e8e16d97b43a42bea0185e3b6d304ce) Importer(815301076,1909f56bfc062723c751e8b465ee728b)
Start importing Assets/_Gloomy_Animal using Guid(5e8e16d97b43a42bea0185e3b6d304ce) Importer(815301076,1909f56bfc062723c751e8b465ee728b)  -> (artifact id: 'a1422a994a2f9c2c3cc8a43efc330cee') in 0.003250 seconds 
  Import took 0.006540 seconds .

========================================================================
Received Import Request.
  Time since last request: 2.176099 seconds.
  path: Assets/Assets
  artifactKey: Guid(66f4d1461a500486dbb080b750674e0a) Importer(815301076,1909f56bfc062723c751e8b465ee728b)
Start importing Assets/Assets using Guid(66f4d1461a500486dbb080b750674e0a) Importer(815301076,1909f56bfc062723c751e8b465ee728b)  -> (artifact id: 'd73e8e818d2581b13a741eb22533afa2') in 0.005449 seconds 
  Import took 0.008766 seconds .

========================================================================
Received Import Request.
  Time since last request: 1.409369 seconds.
  path: Assets/Resources
  artifactKey: Guid(b6e395d93fa02426aaba1d79a60e6d9d) Importer(815301076,1909f56bfc062723c751e8b465ee728b)
Start importing Assets/Resources using Guid(b6e395d93fa02426aaba1d79a60e6d9d) Importer(815301076,1909f56bfc062723c751e8b465ee728b)  -> (artifact id: '7c81efd591bf8594b8189d21beeda866') in 0.002162 seconds 
  Import took 0.003444 seconds .

========================================================================
Received Import Request.
  Time since last request: 45.771414 seconds.
  path: Assets/Scenes/LevelOne.unity
  artifactKey: Guid(396c8b9051a9b463a9ad2b5caf97cefc) Importer(815301076,1909f56bfc062723c751e8b465ee728b)
Start importing Assets/Scenes/LevelOne.unity using Guid(396c8b9051a9b463a9ad2b5caf97cefc) Importer(815301076,1909f56bfc062723c751e8b465ee728b)  -> (artifact id: 'b34cb672b24c875150d3303db8a60f41') in 0.002778 seconds 
  Import took 0.004173 seconds .

========================================================================
Received Import Request.
  Time since last request: 40.475102 seconds.
  path: Assets/Script/Countdown.cs
  artifactKey: Guid(4a894ebec21fe4580b82098d93d4478d) Importer(815301076,1909f56bfc062723c751e8b465ee728b)
Start importing Assets/Script/Countdown.cs using Guid(4a894ebec21fe4580b82098d93d4478d) Importer(815301076,1909f56bfc062723c751e8b465ee728b)  -> (artifact id: 'e419a4335a7ad1983db6139d8be16aee') in 0.887934 seconds 
  Import took 0.906260 seconds .

AssetImportWorkerClient::OnTransportError - code=2 error=End of file
